[2023-07-07 13:39:21,832: INFO: main: Welcome to my custom log]
[2023-07-09 20:53:25,375: INFO: common: yaml file: config\config.yaml loaded successfully]
[2023-07-09 20:53:25,391: INFO: common: yaml file: params.yaml loaded successfully]
[2023-07-09 20:53:25,397: INFO: common: created directory at: artifacts]
[2023-07-09 20:53:25,403: INFO: common: created directory at: artifacts/data_ingestion]
[2023-07-09 20:54:30,719: INFO: 1830841421: artifacts/data_ingestion/data.zip download! with following info: 
Connection: close
Content-Length: 11616915
Cache-Control: max-age=300
Content-Security-Policy: default-src 'none'; style-src 'unsafe-inline'; sandbox
Content-Type: application/zip
ETag: "adf745abc03891fe493c3be264ec012691fe3fa21d861f35a27edbe6d86a76b1"
Strict-Transport-Security: max-age=31536000
X-Content-Type-Options: nosniff
X-Frame-Options: deny
X-XSS-Protection: 1; mode=block
X-GitHub-Request-Id: 618C:7BC8:1EC094:254BA0:64AAD12C
Accept-Ranges: bytes
Date: Sun, 09 Jul 2023 15:24:31 GMT
Via: 1.1 varnish
X-Served-By: cache-maa10237-MAA
X-Cache: MISS
X-Cache-Hits: 0
X-Timer: S1688916207.149478,VS0,VE64014
Vary: Authorization,Accept-Encoding,Origin
Access-Control-Allow-Origin: *
Cross-Origin-Resource-Policy: cross-origin
X-Fastly-Request-ID: e7065a08c391b5fda8fbe1e96b5cf98f68ae2b33
Expires: Sun, 09 Jul 2023 15:29:31 GMT
Source-Age: 2

]
[2023-07-09 20:58:16,572: INFO: common: yaml file: config\config.yaml loaded successfully]
[2023-07-09 20:58:16,577: INFO: common: yaml file: params.yaml loaded successfully]
[2023-07-09 20:58:16,581: INFO: common: created directory at: artifacts]
[2023-07-09 20:58:16,584: INFO: common: created directory at: artifacts/data_ingestion]
[2023-07-09 20:58:16,590: INFO: 816597138: File already exists of size: ~ 11345 KB]
[2023-07-09 20:58:43,514: INFO: common: yaml file: config\config.yaml loaded successfully]
[2023-07-09 20:58:43,518: INFO: common: yaml file: params.yaml loaded successfully]
[2023-07-09 20:58:43,522: INFO: common: created directory at: artifacts]
[2023-07-09 20:58:43,526: INFO: common: created directory at: artifacts/data_ingestion]
[2023-07-09 20:58:45,621: INFO: 816597138: artifacts/data_ingestion/data.zip download! with following info: 
Connection: close
Content-Length: 11616915
Cache-Control: max-age=300
Content-Security-Policy: default-src 'none'; style-src 'unsafe-inline'; sandbox
Content-Type: application/zip
ETag: "adf745abc03891fe493c3be264ec012691fe3fa21d861f35a27edbe6d86a76b1"
Strict-Transport-Security: max-age=31536000
X-Content-Type-Options: nosniff
X-Frame-Options: deny
X-XSS-Protection: 1; mode=block
X-GitHub-Request-Id: B546:19E8C2:253165:34F525:64AAD22A
Accept-Ranges: bytes
Date: Sun, 09 Jul 2023 15:28:45 GMT
Via: 1.1 varnish
X-Served-By: cache-bom4722-BOM
X-Cache: MISS
X-Cache-Hits: 0
X-Timer: S1688916525.143353,VS0,VE734
Vary: Authorization,Accept-Encoding,Origin
Access-Control-Allow-Origin: *
Cross-Origin-Resource-Policy: cross-origin
X-Fastly-Request-ID: 383c5f754f6f762258ac88bcad0c05c3673dc19c
Expires: Sun, 09 Jul 2023 15:33:45 GMT
Source-Age: 0

]
[2023-07-09 22:18:03,495: INFO: main: >>>>>>>> stage Data Ingestion Stage started <<<<<<<<]
[2023-07-09 22:18:03,497: INFO: common: yaml file: config\config.yaml loaded successfully]
[2023-07-09 22:18:03,498: INFO: common: yaml file: params.yaml loaded successfully]
[2023-07-09 22:18:03,499: INFO: common: created directory at: artifacts]
[2023-07-09 22:18:03,500: INFO: common: created directory at: artifacts/data_ingestion]
[2023-07-09 22:18:06,132: INFO: data_ingestion: artifacts/data_ingestion/data.zip download! with following info: 
Connection: close
Content-Length: 11616915
Cache-Control: max-age=300
Content-Security-Policy: default-src 'none'; style-src 'unsafe-inline'; sandbox
Content-Type: application/zip
ETag: "adf745abc03891fe493c3be264ec012691fe3fa21d861f35a27edbe6d86a76b1"
Strict-Transport-Security: max-age=31536000
X-Content-Type-Options: nosniff
X-Frame-Options: deny
X-XSS-Protection: 1; mode=block
X-GitHub-Request-Id: 903A:2D05:2956D1:308FE8:64AAE4C5
Accept-Ranges: bytes
Date: Sun, 09 Jul 2023 16:48:06 GMT
Via: 1.1 varnish
X-Served-By: cache-maa10245-MAA
X-Cache: MISS
X-Cache-Hits: 0
X-Timer: S1688921286.575881,VS0,VE921
Vary: Authorization,Accept-Encoding,Origin
Access-Control-Allow-Origin: *
Cross-Origin-Resource-Policy: cross-origin
X-Fastly-Request-ID: f8a6be06be755fbd32f1a5ae8bd5c4d46740059d
Expires: Sun, 09 Jul 2023 16:53:06 GMT
Source-Age: 1

]
[2023-07-09 22:18:06,813: INFO: main: >>>>> stage Data Ingestion Stage completed<<<<<<

x===============x]
[2023-07-09 23:17:49,251: INFO: common: yaml file: config\config.yaml loaded successfully]
[2023-07-09 23:17:49,270: INFO: common: yaml file: params.yaml loaded successfully]
[2023-07-09 23:17:49,278: INFO: common: created directory at: artifacts]
[2023-07-09 23:17:49,283: INFO: common: created directory at: artifacts/prepare_base_model]
[2023-07-09 23:17:56,188: WARNING: saving_utils: Compiled the loaded model, but the compiled metrics have yet to be built. `model.compile_metrics` will be empty until you train or evaluate the model.]
[2023-07-09 23:29:56,423: INFO: main: >>>>>>>> stage Data Ingestion Stage started <<<<<<<<]
[2023-07-09 23:29:56,426: INFO: common: yaml file: config\config.yaml loaded successfully]
[2023-07-09 23:29:56,429: INFO: common: yaml file: params.yaml loaded successfully]
[2023-07-09 23:29:56,430: INFO: common: created directory at: artifacts]
[2023-07-09 23:29:56,432: INFO: common: created directory at: artifacts/data_ingestion]
[2023-07-09 23:30:00,625: INFO: data_ingestion: artifacts/data_ingestion/data.zip download! with following info: 
Connection: close
Content-Length: 11616915
Cache-Control: max-age=300
Content-Security-Policy: default-src 'none'; style-src 'unsafe-inline'; sandbox
Content-Type: application/zip
ETag: "adf745abc03891fe493c3be264ec012691fe3fa21d861f35a27edbe6d86a76b1"
Strict-Transport-Security: max-age=31536000
X-Content-Type-Options: nosniff
X-Frame-Options: deny
X-XSS-Protection: 1; mode=block
X-GitHub-Request-Id: F442:2E98:29D238:31A01D:64AAF59E
Accept-Ranges: bytes
Date: Sun, 09 Jul 2023 18:00:01 GMT
Via: 1.1 varnish
X-Served-By: cache-maa10249-MAA
X-Cache: MISS
X-Cache-Hits: 0
X-Timer: S1688925598.128179,VS0,VE3213
Vary: Authorization,Accept-Encoding,Origin
Access-Control-Allow-Origin: *
Cross-Origin-Resource-Policy: cross-origin
X-Fastly-Request-ID: 11b562a71c75f5d5d66b7924254000dfffcec7d0
Expires: Sun, 09 Jul 2023 18:05:01 GMT
Source-Age: 2

]
[2023-07-09 23:30:01,432: INFO: main: >>>>> stage Data Ingestion Stage completed<<<<<<

x===============x]
[2023-07-09 23:30:01,432: INFO: main: >>>>>>>> stage Prepare Base Model started <<<<<<<<]
[2023-07-09 23:30:01,434: INFO: common: yaml file: config\config.yaml loaded successfully]
[2023-07-09 23:30:01,436: INFO: common: yaml file: params.yaml loaded successfully]
[2023-07-09 23:30:01,437: INFO: common: created directory at: artifacts]
[2023-07-09 23:30:01,438: INFO: common: created directory at: artifacts/prepare_base_model]
[2023-07-09 23:30:02,185: WARNING: saving_utils: Compiled the loaded model, but the compiled metrics have yet to be built. `model.compile_metrics` will be empty until you train or evaluate the model.]
[2023-07-09 23:30:05,889: INFO: main: >>>>> stage Prepare Base Model completed<<<<<<

x===============x]
[2023-07-18 22:57:21,204: INFO: main: >>>>>>>> stage Data Ingestion Stage started <<<<<<<<]
[2023-07-18 22:57:21,208: INFO: common: yaml file: config\config.yaml loaded successfully]
[2023-07-18 22:57:21,210: INFO: common: yaml file: params.yaml loaded successfully]
[2023-07-18 22:57:21,211: INFO: common: created directory at: artifacts]
[2023-07-18 22:57:21,211: INFO: common: created directory at: artifacts/data_ingestion]
[2023-07-18 22:57:23,613: INFO: data_ingestion: artifacts/data_ingestion/data.zip download! with following info: 
Connection: close
Content-Length: 11616915
Cache-Control: max-age=300
Content-Security-Policy: default-src 'none'; style-src 'unsafe-inline'; sandbox
Content-Type: application/zip
ETag: "adf745abc03891fe493c3be264ec012691fe3fa21d861f35a27edbe6d86a76b1"
Strict-Transport-Security: max-age=31536000
X-Content-Type-Options: nosniff
X-Frame-Options: deny
X-XSS-Protection: 1; mode=block
X-GitHub-Request-Id: 56EE:4C24:E2D37:1021FC:64B6CB77
Accept-Ranges: bytes
Date: Tue, 18 Jul 2023 17:27:21 GMT
Via: 1.1 varnish
X-Served-By: cache-maa10234-MAA
X-Cache: MISS
X-Cache-Hits: 0
X-Timer: S1689701240.710705,VS0,VE1434
Vary: Authorization,Accept-Encoding,Origin
Access-Control-Allow-Origin: *
Cross-Origin-Resource-Policy: cross-origin
X-Fastly-Request-ID: bfe5b236e089d479afdd0404588b4ed10f1b0e58
Expires: Tue, 18 Jul 2023 17:32:21 GMT
Source-Age: 1

]
[2023-07-18 22:57:24,384: INFO: main: >>>>> stage Data Ingestion Stage completed<<<<<<

x===============x]
[2023-07-18 22:57:24,384: INFO: main: >>>>>>>> stage Prepare Base Model started <<<<<<<<]
[2023-07-18 22:57:24,387: INFO: common: yaml file: config\config.yaml loaded successfully]
[2023-07-18 22:57:24,389: INFO: common: yaml file: params.yaml loaded successfully]
[2023-07-18 22:57:24,390: INFO: common: created directory at: artifacts]
[2023-07-18 22:57:24,391: INFO: common: created directory at: artifacts/prepare_base_model]
[2023-07-18 22:57:25,188: WARNING: saving_utils: Compiled the loaded model, but the compiled metrics have yet to be built. `model.compile_metrics` will be empty until you train or evaluate the model.]
[2023-07-18 22:57:26,259: INFO: main: >>>>> stage Prepare Base Model completed<<<<<<

x===============x]
[2023-07-18 23:35:10,108: INFO: common: yaml file: config\config.yaml loaded successfully]
[2023-07-18 23:35:10,121: INFO: common: yaml file: params.yaml loaded successfully]
[2023-07-18 23:35:10,129: INFO: common: created directory at: artifacts]
[2023-07-18 23:35:10,138: INFO: common: created directory at: artifacts\prepare_callbacks\checkpoint_dir]
[2023-07-18 23:35:10,143: INFO: common: created directory at: artifacts\prepare_callbacks\tensorboard_log_dir]
[2023-07-18 23:37:13,390: INFO: common: yaml file: config\config.yaml loaded successfully]
[2023-07-18 23:37:13,395: INFO: common: yaml file: params.yaml loaded successfully]
[2023-07-18 23:37:13,398: INFO: common: created directory at: artifacts]
[2023-07-18 23:37:13,401: INFO: common: created directory at: artifacts\prepare_callbacks\checkpoint_dir]
[2023-07-18 23:37:13,404: INFO: common: created directory at: artifacts\prepare_callbacks\tensorboard_log_dir]
[2023-07-18 23:39:58,873: INFO: common: yaml file: config\config.yaml loaded successfully]
[2023-07-18 23:39:58,880: INFO: common: yaml file: params.yaml loaded successfully]
[2023-07-18 23:39:58,882: INFO: common: created directory at: artifacts]
[2023-07-18 23:39:58,885: INFO: common: created directory at: artifacts\prepare_callbacks\checkpoint_dir]
[2023-07-18 23:39:58,888: INFO: common: created directory at: artifacts\prepare_callbacks\tensorboard_log_dir]
[2023-07-18 23:40:11,190: INFO: common: yaml file: config\config.yaml loaded successfully]
[2023-07-18 23:40:11,197: INFO: common: yaml file: params.yaml loaded successfully]
[2023-07-18 23:40:11,201: INFO: common: created directory at: artifacts]
[2023-07-18 23:40:11,204: INFO: common: created directory at: artifacts\prepare_callbacks\checkpoint_dir]
[2023-07-18 23:40:11,207: INFO: common: created directory at: artifacts\prepare_callbacks\tensorboard_log_dir]
[2023-07-18 23:48:47,160: INFO: common: yaml file: config\config.yaml loaded successfully]
[2023-07-18 23:48:47,170: INFO: common: yaml file: params.yaml loaded successfully]
[2023-07-18 23:48:47,176: INFO: common: created directory at: artifacts]
[2023-07-18 23:48:47,181: INFO: common: created directory at: artifacts\prepare_callbacks\checkpoint_dir]
[2023-07-18 23:48:47,185: INFO: common: created directory at: artifacts\prepare_callbacks\tensorboard_log_dir]
[2023-07-18 23:56:06,474: INFO: common: yaml file: config\config.yaml loaded successfully]
[2023-07-18 23:56:06,480: INFO: common: yaml file: params.yaml loaded successfully]
[2023-07-18 23:56:06,485: INFO: common: created directory at: artifacts]
[2023-07-18 23:56:06,488: INFO: common: created directory at: artifacts\prepare_callbacks\checkpoint_dir]
[2023-07-18 23:56:06,490: INFO: common: created directory at: artifacts\prepare_callbacks\tensorboard_log_dir]
[2023-07-19 00:11:37,054: INFO: common: yaml file: config\config.yaml loaded successfully]
[2023-07-19 00:11:37,078: INFO: common: yaml file: params.yaml loaded successfully]
[2023-07-19 00:11:37,086: INFO: common: created directory at: artifacts]
[2023-07-19 00:11:37,096: INFO: common: created directory at: artifacts\prepare_callbacks\checkpoint_dir]
[2023-07-19 00:11:37,100: INFO: common: created directory at: artifacts\prepare_callbacks\tensorboard_log_dir]
[2023-07-19 00:12:10,452: INFO: common: yaml file: config\config.yaml loaded successfully]
[2023-07-19 00:12:10,460: INFO: common: yaml file: params.yaml loaded successfully]
[2023-07-19 00:12:10,463: INFO: common: created directory at: artifacts]
[2023-07-19 00:12:10,467: INFO: common: created directory at: artifacts\prepare_callbacks\checkpoint_dir]
[2023-07-19 00:12:10,470: INFO: common: created directory at: artifacts\prepare_callbacks\tensorboard_log_dir]
[2023-07-19 00:12:10,474: INFO: common: created directory at: artifacts\training]
[2023-07-19 00:25:44,774: INFO: main: >>>>>>>> stage Data Ingestion Stage started <<<<<<<<]
[2023-07-19 00:25:44,781: INFO: common: yaml file: config\config.yaml loaded successfully]
[2023-07-19 00:25:44,784: INFO: common: yaml file: params.yaml loaded successfully]
[2023-07-19 00:25:44,785: INFO: common: created directory at: artifacts]
[2023-07-19 00:25:44,787: INFO: common: created directory at: artifacts/data_ingestion]
[2023-07-19 00:25:47,642: INFO: data_ingestion: artifacts/data_ingestion/data.zip download! with following info: 
Connection: close
Content-Length: 11616915
Cache-Control: max-age=300
Content-Security-Policy: default-src 'none'; style-src 'unsafe-inline'; sandbox
Content-Type: application/zip
ETag: "adf745abc03891fe493c3be264ec012691fe3fa21d861f35a27edbe6d86a76b1"
Strict-Transport-Security: max-age=31536000
X-Content-Type-Options: nosniff
X-Frame-Options: deny
X-XSS-Protection: 1; mode=block
X-GitHub-Request-Id: E84E:2B10:171CFA:19C0A6:64B6E02F
Accept-Ranges: bytes
Date: Tue, 18 Jul 2023 18:55:44 GMT
Via: 1.1 varnish
X-Served-By: cache-maa10249-MAA
X-Cache: MISS
X-Cache-Hits: 0
X-Timer: S1689706543.058467,VS0,VE1914
Vary: Authorization,Accept-Encoding,Origin
Access-Control-Allow-Origin: *
Cross-Origin-Resource-Policy: cross-origin
X-Fastly-Request-ID: a941fd353a32e1ab6a36630df8096527005567d8
Expires: Tue, 18 Jul 2023 19:00:44 GMT
Source-Age: 2

]
[2023-07-19 00:25:48,592: INFO: main: >>>>> stage Data Ingestion Stage completed<<<<<<

x===============x]
[2023-07-19 00:25:48,593: INFO: main: >>>>>>>> stage Prepare Base Model started <<<<<<<<]
[2023-07-19 00:25:48,597: INFO: common: yaml file: config\config.yaml loaded successfully]
[2023-07-19 00:25:48,600: INFO: common: yaml file: params.yaml loaded successfully]
[2023-07-19 00:25:48,601: INFO: common: created directory at: artifacts]
[2023-07-19 00:25:48,602: INFO: common: created directory at: artifacts/prepare_base_model]
[2023-07-19 00:25:49,428: WARNING: saving_utils: Compiled the loaded model, but the compiled metrics have yet to be built. `model.compile_metrics` will be empty until you train or evaluate the model.]
[2023-07-19 00:25:51,224: INFO: main: >>>>> stage Prepare Base Model completed<<<<<<

x===============x]
[2023-07-19 00:25:51,224: INFO: main: *******************]
[2023-07-19 00:25:51,225: INFO: main: >>>>>> stage Training started <<<<<<]
[2023-07-19 00:25:51,228: INFO: common: yaml file: config\config.yaml loaded successfully]
[2023-07-19 00:25:51,230: INFO: common: yaml file: params.yaml loaded successfully]
[2023-07-19 00:25:51,231: INFO: common: created directory at: artifacts]
[2023-07-19 00:25:51,232: INFO: common: created directory at: artifacts\prepare_callbacks\checkpoint_dir]
[2023-07-19 00:25:51,233: INFO: common: created directory at: artifacts\prepare_callbacks\tensorboard_log_dir]
[2023-07-19 00:25:51,240: INFO: common: created directory at: artifacts\training]
[2023-07-19 00:28:08,936: INFO: main: >>>>>> stage Training completed <<<<<<

x==========x]
